<?xml version="1.0" encoding="UTF-8"?>
<!-- Generated by org.testng.reporters.JUnitReportReporter -->
<testsuite hostname="LAPTOP-EONPQJDG" failures="0" tests="1" name="testCases.TC_002_Login" time="8.464" errors="0" timestamp="2024-09-13T09:36:40 IST" skipped="0">
  <testcase classname="testCases.TC_002_Login" name="verify_login" time="8.464"/>
</testsuite> <!-- testCases.TC_002_Login -->
