<?xml version="1.0" encoding="UTF-8"?>
<!-- Generated by org.testng.reporters.JUnitReportReporter -->
<testsuite hostname="LAPTOP-EONPQJDG" failures="0" tests="3" name="testCases.TC_002_Login_DDT" time="49.808" errors="0" timestamp="2024-09-14T19:24:04 IST" skipped="0">
  <testcase classname="testCases.TC_002_Login_DDT" name="verify_login" time="21.111"/>
  <testcase classname="testCases.TC_002_Login_DDT" name="verify_login" time="20.861"/>
  <testcase classname="testCases.TC_002_Login_DDT" name="verify_login" time="7.836"/>
</testsuite> <!-- testCases.TC_002_Login_DDT -->
