<?xml version="1.0" encoding="UTF-8"?>
<!-- Generated by org.testng.reporters.JUnitReportReporter -->
<testsuite hostname="LAPTOP-EONPQJDG" failures="0" tests="1" name="testCases.TC_003_EndToEnd" time="16.166" errors="0" timestamp="2024-09-15T15:44:30 IST" skipped="0">
  <testcase classname="testCases.TC_003_EndToEnd" name="verify_endToEnd" time="16.166"/>
</testsuite> <!-- testCases.TC_003_EndToEnd -->
